0	1	mikroc8051.exe -MSF -DBG -pAT89S8253 -ES -DL -O11111114 -fo10 -N"C:\Users\ETF\Desktop\connectfour-develop\connectfour.mcp51" -SP"C:\Users\Public\Documents\Mikroelektronika\mikroC PRO for 8051\defs\" -SP"C:\Users\Public\Documents\Mikroelektronika\mikroC PRO for 8051\Uses\ATMEL\" -SP"C:\Users\ETF\Desktop\connectfour-develop\" -SP"D:\Programs\MikroC\mikroC PRO for 8051\defs\" -SP"D:\Workspaces\MikroC\connectfour\" -SP"D:\Programs\MikroC\mikroC PRO for 8051\Uses\ATMEL\" -IP"D:\Workspaces\MikroC\connectfour\" -IP"C:\Users\ETF\Desktop\connectfour-develop\" "connectfour.c" "display.c" "graphics.c" "main.c" "timer.c" "__Lib_Math.mcl" "__Lib_MathDouble.mcl" "__Lib_System.mcl" "__Lib_Delays.mcl" "__Lib_EEPROM_rwb.mcl" "__Lib_SPI_SPCR.mcl" "__Lib_UART_Timer1.mcl" "__Lib_CType.mcl" "__Lib_CString.mcl" "__Lib_CStdlib.mcl" "__Lib_CMath.mcl" "__Lib_Conversions.mcl" "__Lib_Sprintf.mcl" "__Lib_PrintOut.mcl" "__Lib_Sprinti.mcl" "__Lib_Sprintl.mcl" "__Lib_Time.mcl" "__Lib_Trigonometry.mcl" "__Lib_Button.mcl" "__Lib_Keypad4x4.mcl" "__Lib_Manchester.mcl" "__Lib_OneWire.mcl" "__Lib_PS2.mcl" "__Lib_Sound.mcl" "__Lib_SoftI2C.mcl" "__Lib_SoftSPI.mcl" "__Lib_SoftUART.mcl" "__Lib_PortExpander.mcl" "__Lib_CANSPI.mcl" "__Lib_GlcdFonts.mcl" "__Lib_Glcd.mcl" "__Lib_LcdConsts.mcl" "__Lib_Lcd.mcl" "__Lib_RS485.mcl" "__Lib_T6963C.mcl" "__Lib_SPIGlcd.mcl" "__Lib_SPILcd.mcl" "__Lib_SPILcd8.mcl" "__Lib_SPIT6963C.mcl" "__Lib_EthEnc28j60.mcl"	 
diagnostics: 0	122	Compilation Started	connectfour.h
diagnostics: 233	123	Compiled Successfully	connectfour.c
diagnostics: 0	122	Compilation Started	display.h
hint: 0	1004	interrupt handler (Display_Refresh at 0x000B)	display.c
diagnostics: 78	123	Compiled Successfully	display.c
diagnostics: 0	122	Compilation Started	graphics.h
diagnostics: 79	123	Compiled Successfully	graphics.c
diagnostics: 0	122	Compilation Started	timer.h
diagnostics: 83	123	Compiled Successfully	main.c
hint: 21	1164	Variable 'keyIndex' has been eliminated by optimizer	main.c
hint: 23	1164	Variable 'discInserted' has been eliminated by optimizer	main.c
hint: 24	1164	Variable 'hasWinner' has been eliminated by optimizer	main.c
diagnostics: 0	122	Compilation Started	timer.h
hint: 0	1004	interrupt handler (Timer_Tick at 0x001B)	timer.c
diagnostics: 54	123	Compiled Successfully	timer.c
diagnostics: 0	127	All files Compiled in 125 ms	 
hint: 0	1144	Used BDATA RAM (bytes): 11 (69%) Free BDATA RAM (bytes): 5 (31%)	Used BDATA RAM (bytes): 11 (69%) Free BDATA RAM (bytes): 5 (31%)
hint: 0	1144	Used DATA RAM (bytes): 91 (88%) Free DATA RAM (bytes): 13 (12%)	Used DATA RAM (bytes): 91 (88%) Free DATA RAM (bytes): 13 (12%)
hint: 0	1144	Used IDATA RAM (bytes): 0 (1%) Free IDATA RAM (bytes): 128 (99%)	Used IDATA RAM (bytes): 0 (1%) Free IDATA RAM (bytes): 128 (99%)
hint: 0	1144	Used ROM (bytes): 2305 (19%)  Free ROM (bytes): 9983 (81%)	Used ROM (bytes): 2305 (19%)  Free ROM (bytes): 9983 (81%)
diagnostics: 0	125	Project Linked Successfully	connectfour.mcp51
diagnostics: 0	128	Linked in 94 ms	 
diagnostics: 0	129	Project 'connectfour.mcp51' completed: 234 ms	 
diagnostics: 0	103	Finished successfully: 05 Sep 2017, 10:14:51	connectfour.mcp51
